[7868:16264:2022-6-1 19:21:39.109] Main Start
[7868:16264:2022-6-1 19:21:39.109] Command line:"C:\Users\GOUTHAM\Downloads\Zoom_cm_fo42anktZ9vvrZo4_m-Is9Ji35kbsgQzb61wK9jvWseJqpKCJDYRSj@ePWNPMF9iRUHWl26_kd5fa246802bca8ce_.exe"  Instance:0x2C0000 Show State:1
[7868:16264:2022-6-1 19:21:39.159] C:\
[7868:15576:2022-6-1 19:21:39.162] [process_requst] start, url:https://us02web.zoom.us/conf/launch
[7868:15576:2022-6-1 19:21:51.813] [req_state_read_status_code] zHttpQueryInfo complete, status:200
[7868:15576:2022-6-1 19:21:51.814] [req_state_read_status_code] zHttpQueryInfo complete, status:200 Error: 0
[7868:15576:2022-6-1 19:21:51.815] [log_response_content] Content length (1048576 as unknown):1679 , Total read: 1679 , Error No: 0 , Status code: 200
[7868:15576:2022-6-1 19:21:51.815] [log_response_content] header:
[7868:15576:2022-6-1 19:21:51.815] HTTP/1.1 200 
Content-Type: text/plain;charset=utf-8
Content-Length: 1679
Connection: keep-alive
x-zm-trackingid: v=2.0;clid=us02;rid=WEB_c91dd6e3e00d31acb6f52f24362b2389
X-Content-Type-Options: nosniff
Content-Security-Policy: upgrade-insecure-requests; default-src https://*.zoom.us https://zoom.us blob: 'self'; img-src https: about: blob: data: 'self'; style-src https: safari-extension: chrome-extension: 'unsafe-inline' data: 'self'; font-src https: safari-extension: chrome-extension: blob: data: 'self'; connect-src * about: blob: data: 'self'; media-src * rtmp: blob: data: 'self'; frame-src https: ms-appx-web: zoommtg: zoomus: wvjbscheme: data: 'self'; object-src 'none'; base-uri 'none';
X-FRAME-OPTIONS: SAMEORIGIN
Set-Cookie: zm_aid=""; Domain=.zoom.us; Expires=Thu, 01-Jan-1970 00:00:10 GMT; Path=/; Secure; HttpOnly
Set-Cookie: zm_haid=""; Domain=.zoom.us; Expires=Thu, 01-Jan-1970 00:00:10 GMT; Path=/; Secure; HttpOnly
Set-Cookie: zm_tmaid=""; Domain=.zoom.us; Expires=Thu, 01-Jan-1970 00:00:10 GMT; Path=/; Secure; HttpOnly
Set-Cookie: zm_htmaid=""; Domain=.zoom.us; Expires=Thu, 01-Jan-1970 00:00:10 GMT; Path=/; Secure; HttpOnly
Set-Cookie: cred=FF208FFD18B037C32C31D4FEA35EE168; Path=/; Secure; HttpOnly
Set-Cookie: _zm_page_auth=us02_c_Pl5xhBNSQES9LRbdGzuInA; Domain=.zoom.us; Path=/; Secure; HttpOnly
p3p: CP="NOI ADM DEV PSAi COM NAV OUR OTR STP IND DEM"
Set-Cookie: _zm_ssid=us02_c_6s_0MvhASUS4qDCZ6jl0Yw; Domain=.zoom.us; Path=/; Secure; HttpOnly
Set-Cookie: _zm_ctaid=GtUFgLEMS9mruMvnB0llwQ.1654091510985.3ce56b8bc585b784a71242901b1d3e3b; Domain=.zoom.us; Expires=Wed, 01-Jun-2022 15:51:50 GMT; Path=/; Secure; HttpOnly
Set-Cookie: _zm_chtaid=398; Domain=.zoom.us; Expires=Wed, 01-Jun-2022 15:51:50 GMT; Path=/; Secure; HttpOnly
x-zm-zoneid: VA
Set-Cookie: _zm_mtk_guid=bfc6e657df55426aacf82807452c4b6c; Domain=.zoom.us; Expires=Fri, 31-May-2024 13:51:50 GMT; Path=/; Secure
Strict-Transport-Security: max-age=31536000; includeSubDomains
X-XSS-Protection: 1; mode=block
Referrer-Policy: strict-origin-when-cross-origin
Set-Cookie: TS01f92dc5=019f2012ca99fee46ac907131e79a26544c847dc655e2a15e3a6b95539cb53e749f77e3575a588eaaeab643af163c88f18ae4c5b52; Path=/; Secure; HttpOnly; SameSite=Strict;
Set-Cookie: TS018dd1ba=019f2012ca99fee46ac907131e79a26544c847dc655e2a15e3a6b95539cb53e749f77e3575a588eaaeab643af163c88f18ae4c5b52; path=/; domain=.zoom.us


[7868:15576:2022-6-1 19:21:51.815] [process_requst] End for url:https://us02web.zoom.us/conf/launch, return code:200, Error:0, Response content size:1679
[7868:16264:2022-6-1 19:21:51.869] [client_has_installed_app] found path:
[7868:16264:2022-6-1 19:21:51.869]  ***NULL-POINTER-PLACEHOLDER***
[7868:16264:2022-6-1 19:21:51.870] [param_query_local_path] path is: C:\Users\GOUTHAM\AppData\Roaming\Zoom\ZoomDownload\ dir create response : 1 system error: 1008
[7868:16264:2022-6-1 19:21:51.870] [downloader_run] State:0
[7868:15604:2022-6-1 19:21:51.872] [process_requst] start, url:https://us02web.zoom.us/client/latest/Installer.exe?archType=x64
[7868:16264:2022-6-1 19:21:51.873] [client_has_installed_app] found path:
[7868:16264:2022-6-1 19:21:51.873]  ***NULL-POINTER-PLACEHOLDER***
[7868:15604:2022-6-1 19:22:4.326] [req_state_read_status_code] zHttpQueryInfo complete, status:200
[7868:15604:2022-6-1 19:22:4.326] [req_state_read_status_code] zHttpQueryInfo complete, status:200 Error: 0
[7868:15604:2022-6-1 19:22:4.489] [read_response_file] Status Code:200, content length: 928128, total read: 928128, error code: 0
[7868:15604:2022-6-1 19:22:4.495] [process_requst] End for url:https://us02web.zoom.us/client/latest/Installer.exe?archType=x64, return code:200, Error:0, Response content size:0
[7868:16264:2022-6-1 19:22:4.511] [handle_download_job_done] Index: 1 Curr index: 1 StatusCode: 200 Error: 0 Response is Empty. 
[7868:15604:2022-6-1 19:22:4.666] [process_requst] start, url:https://us02web.zoom.us/client/latest/Zoom.msi?archType=x64
[7868:15604:2022-6-1 19:22:5.781] [req_state_read_status_code] zHttpQueryInfo complete, status:200
[7868:15604:2022-6-1 19:22:5.781] [req_state_read_status_code] zHttpQueryInfo complete, status:200 Error: 0
[7868:15604:2022-6-1 19:22:10.959] [read_response_file] Status Code:200, content length: 24223690, total read: 24223690, error code: 0
[7868:15604:2022-6-1 19:22:11.12] [process_requst] End for url:https://us02web.zoom.us/client/latest/Zoom.msi?archType=x64, return code:200, Error:0, Response content size:0
[7868:16264:2022-6-1 19:22:11.16] [handle_download_job_done] Index: 2 Curr index: 2 StatusCode: 200 Error: 0 Response is Empty. 
[7868:16264:2022-6-1 19:22:11.38] C:\Users\GOUTHAM\AppData\Roaming\Zoom\ZoomDownload\Installer.exe
[7868:16264:2022-6-1 19:22:11.38] ZInstaller --conf.mode=silent --ipc_wnd=197774
[7868:16264:2022-6-1 19:22:11.305] [launch_silent_install] Installer process created, result:42
[2204:18184:2022-6-1 19:22:29.990] Main Start
[2204:18184:2022-6-1 19:22:29.991] Command line:"C:\Users\GOUTHAM\Downloads\Zoom_cm_fo42anktZ9vvrZo4_mlK6d-XVb-mnskv98+Z3u2EKQTcfm9aVzVTvp@l04bVN5cbsXyRfLg_kd5fa246802bca8ce_.exe"  Instance:0x200000 Show State:1
[2204:18184:2022-6-1 19:22:29.992] [app_init] init_opener_worker failed.
[2204:18184:2022-6-1 19:22:29.992] MyMain Failed to init.
[2204:18184:2022-6-1 19:22:29.992] Main End
[9672:8936:2022-6-1 19:22:52.713] Main Start
[9672:8936:2022-6-1 19:22:52.713] Command line:"C:\Users\GOUTHAM\Downloads\Zoom_cm_fo42anktZ9vvrZo4_mvdOFi0ABkT6JcNbXsC-Ilw9wK5plQ5EhMLFM@gIEH8Cylz-s0iU5V_kd5fa246802bca8ce_.exe"  Instance:0x890000 Show State:1
[9672:8936:2022-6-1 19:22:52.715] [app_init] init_opener_worker failed.
[9672:8936:2022-6-1 19:22:52.715] MyMain Failed to init.
[9672:8936:2022-6-1 19:22:52.715] Main End
[10544:13240:2022-6-1 19:23:8.33] Main Start
[10544:13240:2022-6-1 19:23:8.33] Command line:"C:\Users\GOUTHAM\Downloads\Zoom_cm_fo42anktZ9vvrZo4_m2hHZZ9pZxM9W4E7aoppNaIFrhnkBwAc0C2dd@+gDOal2Tjccr288Y_kd5fa246802bca8ce_.exe"  Instance:0x140000 Show State:1
[10544:13240:2022-6-1 19:23:8.35] [app_init] init_opener_worker failed.
[10544:13240:2022-6-1 19:23:8.35] MyMain Failed to init.
[10544:13240:2022-6-1 19:23:8.35] Main End
[18380:13732:2022-6-1 19:24:6.191] Main Start
[18380:13732:2022-6-1 19:24:6.191] Command line:"C:\Users\GOUTHAM\Downloads\Zoom_cm_fo42anktZ9vvrZo4_mC7USlaKdMJr2uNtFcdS2cdoj7qb1NGbstr-4@VEfqjbotVk9HiRHq_kd5fa246802bca8ce_.exe"  Instance:0x3D0000 Show State:1
[18380:13732:2022-6-1 19:24:6.193] [app_init] init_opener_worker failed.
[18380:13732:2022-6-1 19:24:6.193] MyMain Failed to init.
[18380:13732:2022-6-1 19:24:6.193] Main End
[13272:18216:2022-6-1 19:24:48.635] Main Start
[13272:18216:2022-6-1 19:24:48.635] Command line:"C:\Users\GOUTHAM\Downloads\Zoom_cm_fo42anktZ9vvrZo4_mm0Ui-07kZehMRkXEXMQSD2Xg6qbvJurVQNT3@n6qTMRMIz1pQis5e_kd5fa246802bca8ce_.exe"  Instance:0x6A0000 Show State:1
[13272:18216:2022-6-1 19:24:48.636] [app_init] init_opener_worker failed.
[13272:18216:2022-6-1 19:24:48.636] MyMain Failed to init.
[13272:18216:2022-6-1 19:24:48.636] Main End
[17848:14744:2022-6-1 19:26:44.983] Main Start
[17848:14744:2022-6-1 19:26:44.983] Command line:"C:\Users\GOUTHAM\Downloads\Zoom_cm_fo42anktZ9vvrZo4_mBJZiQJ72F4ZejWyodCbGbQFE7PAWS6bPJbBJ@u3U8QaXIoA5FYi6s_kd5fa246802bca8ce_.exe"  Instance:0xF80000 Show State:1
[17848:14744:2022-6-1 19:26:44.985] [app_init] init_opener_worker failed.
[17848:14744:2022-6-1 19:26:44.985] MyMain Failed to init.
[17848:14744:2022-6-1 19:26:44.985] Main End
[7868:16264:2022-6-1 19:26:51.481] Main End
[18176:9116:2022-6-1 19:27:0.851] Main Start
[18176:9116:2022-6-1 19:27:0.851] Command line:"C:\Users\GOUTHAM\Downloads\Zoom_cm_fo42anktZ9vvrZo4_mrXyo5eS6mkveSJrqykuY16r0e7-dk59Qgzaq@e7D+GDpHUdHIwuwz_kd5fa246802bca8ce_.exe"  Instance:0x900000 Show State:1
[18176:9116:2022-6-1 19:27:0.891] C:\
[18176:14840:2022-6-1 19:27:0.895] [process_requst] start, url:https://us02web.zoom.us/conf/launch
[18176:14840:2022-6-1 19:27:14.235] [req_state_read_status_code] zHttpQueryInfo complete, status:200
[18176:14840:2022-6-1 19:27:14.235] [req_state_read_status_code] zHttpQueryInfo complete, status:200 Error: 0
[18176:14840:2022-6-1 19:27:14.235] [log_response_content] Content length (1048576 as unknown):1685 , Total read: 1685 , Error No: 0 , Status code: 200
[18176:14840:2022-6-1 19:27:14.235] [log_response_content] header:
[18176:14840:2022-6-1 19:27:14.235] HTTP/1.1 200 
Content-Type: text/plain;charset=utf-8
Content-Length: 1685
Connection: keep-alive
x-zm-trackingid: v=2.0;clid=us02;rid=WEB_9cb92090e71da89b5547be94d483e31c
X-Content-Type-Options: nosniff
Content-Security-Policy: upgrade-insecure-requests; default-src https://*.zoom.us https://zoom.us blob: 'self'; img-src https: about: blob: data: 'self'; style-src https: safari-extension: chrome-extension: 'unsafe-inline' data: 'self'; font-src https: safari-extension: chrome-extension: blob: data: 'self'; connect-src * about: blob: data: 'self'; media-src * rtmp: blob: data: 'self'; frame-src https: ms-appx-web: zoommtg: zoomus: wvjbscheme: data: 'self'; object-src 'none'; base-uri 'none';
X-FRAME-OPTIONS: SAMEORIGIN
Set-Cookie: zm_aid=""; Domain=.zoom.us; Expires=Thu, 01-Jan-1970 00:00:10 GMT; Path=/; Secure; HttpOnly
Set-Cookie: zm_haid=""; Domain=.zoom.us; Expires=Thu, 01-Jan-1970 00:00:10 GMT; Path=/; Secure; HttpOnly
Set-Cookie: zm_tmaid=""; Domain=.zoom.us; Expires=Thu, 01-Jan-1970 00:00:10 GMT; Path=/; Secure; HttpOnly
Set-Cookie: zm_htmaid=""; Domain=.zoom.us; Expires=Thu, 01-Jan-1970 00:00:10 GMT; Path=/; Secure; HttpOnly
Set-Cookie: cred=A0BD109B12E104BDE10BD54A7CFA3AC6; Path=/; Secure; HttpOnly
Set-Cookie: _zm_page_auth=us02_c_RM1FiFO3SbORIl_K0o3Hpw; Domain=.zoom.us; Path=/; Secure; HttpOnly
p3p: CP="NOI ADM DEV PSAi COM NAV OUR OTR STP IND DEM"
Set-Cookie: _zm_ssid=us02_c_GGkIJXmaTcaaKHp4tvVS2g; Domain=.zoom.us; Path=/; Secure; HttpOnly
x-zm-zoneid: VA
Strict-Transport-Security: max-age=31536000; includeSubDomains
X-XSS-Protection: 1; mode=block
Referrer-Policy: strict-origin-when-cross-origin
Set-Cookie: TS01f92dc5=014a0e91210f197ca080028539b5d7e3742630957b818b7c9aa64fd091369e3c2450c322b183d8be7a33699b7efaf5e8b0cc451fd6; Path=/; Secure; HttpOnly; SameSite=Strict;
Set-Cookie: TS018dd1ba=014a0e91210f197ca080028539b5d7e3742630957b818b7c9aa64fd091369e3c2450c322b183d8be7a33699b7efaf5e8b0cc451fd6; path=/; domain=.zoom.us


[18176:14840:2022-6-1 19:27:14.235] [process_requst] End for url:https://us02web.zoom.us/conf/launch, return code:200, Error:0, Response content size:1685
[18176:9116:2022-6-1 19:27:14.294] [client_has_installed_app] found path:
[18176:9116:2022-6-1 19:27:14.294]  ***NULL-POINTER-PLACEHOLDER***
[18176:9116:2022-6-1 19:27:14.295] [param_query_local_path] path is: C:\Users\GOUTHAM\AppData\Roaming\Zoom\ZoomDownload\ dir create response : 0 system error: 183
[18176:9116:2022-6-1 19:27:14.295] [downloader_run] State:0
[18176:17424:2022-6-1 19:27:14.296] [process_requst] start, url:https://us02web.zoom.us/client/latest/Installer.exe?archType=x64
[18176:9116:2022-6-1 19:27:14.296] [client_has_installed_app] found path:
[18176:9116:2022-6-1 19:27:14.296]  ***NULL-POINTER-PLACEHOLDER***
[18176:17424:2022-6-1 19:27:14.296] CreateFile API failed, error code: 32
[18176:17424:2022-6-1 19:27:14.296] [process_requst] End for url:https://us02web.zoom.us/client/latest/Installer.exe?archType=x64, return code:0, Error:1005, Response content size:0
[18176:9116:2022-6-1 19:27:14.351] [handle_download_job_done] Index: 1 Curr index: 1 StatusCode: 0 Error: 1005 Response is Empty. 
[1200:7756:2022-6-1 19:27:19.481] Main Start
[1200:7756:2022-6-1 19:27:19.481] Command line:"C:\Users\GOUTHAM\Downloads\Zoom_cm_fo42anktZ9vvrZo4_mEPDDoIykazMWVkbhp9LSU4RKU6HZp4UFPNWq@w+9pPT32FObSdMnW_kd5fa246802bca8ce_.exe"  Instance:0x2E0000 Show State:1
[1200:7756:2022-6-1 19:27:19.482] [app_init] init_opener_worker failed.
[1200:7756:2022-6-1 19:27:19.482] MyMain Failed to init.
[1200:7756:2022-6-1 19:27:19.482] Main End
[18176:9116:2022-6-1 19:27:25.455] [downloader_retry] State:15
[18176:17424:2022-6-1 19:27:25.455] [process_requst] start, url:https://us02web.zoom.us/client/latest/Installer.exe?archType=x64
[18176:17424:2022-6-1 19:27:25.456] CreateFile API failed, error code: 32
[18176:17424:2022-6-1 19:27:25.456] [process_requst] End for url:https://us02web.zoom.us/client/latest/Installer.exe?archType=x64, return code:0, Error:1005, Response content size:0
[18176:9116:2022-6-1 19:27:25.465] [handle_download_job_done] Index: 1 Curr index: 1 StatusCode: 0 Error: 1005 Response is Empty. 
[18176:9116:2022-6-1 19:27:28.761] [downloader_retry] State:15
[18176:17424:2022-6-1 19:27:28.761] [process_requst] start, url:https://us02web.zoom.us/client/latest/Installer.exe?archType=x64
[18176:17424:2022-6-1 19:27:28.763] CreateFile API failed, error code: 32
[18176:17424:2022-6-1 19:27:28.763] [process_requst] End for url:https://us02web.zoom.us/client/latest/Installer.exe?archType=x64, return code:0, Error:1005, Response content size:0
[18176:9116:2022-6-1 19:27:28.774] [handle_download_job_done] Index: 1 Curr index: 1 StatusCode: 0 Error: 1005 Response is Empty. 
[18176:9116:2022-6-1 19:27:29.320] [downloader_retry] State:15
[18176:17424:2022-6-1 19:27:29.320] [process_requst] start, url:https://us02web.zoom.us/client/latest/Installer.exe?archType=x64
[18176:17424:2022-6-1 19:27:29.321] CreateFile API failed, error code: 32
[18176:17424:2022-6-1 19:27:29.321] [process_requst] End for url:https://us02web.zoom.us/client/latest/Installer.exe?archType=x64, return code:0, Error:1005, Response content size:0
[18176:9116:2022-6-1 19:27:29.344] [handle_download_job_done] Index: 1 Curr index: 1 StatusCode: 0 Error: 1005 Response is Empty. 
[18176:9116:2022-6-1 19:27:38.637] [downloader_cancel] State:15
[18176:9116:2022-6-1 19:27:38.684] Main End
[3088:6216:2022-6-1 19:27:47.158] Main Start
[3088:6216:2022-6-1 19:27:47.158] Command line:"C:\Users\GOUTHAM\Downloads\Zoom_cm_fo42anktZ9vvrZo4_mKWRij2rQmdzNREAckQg2RsH4HdxFLepHDVes@Eouu7eOgFFovWKcR_kd5fa246802bca8ce_.exe"  Instance:0xB10000 Show State:1
[3088:6216:2022-6-1 19:27:47.205] C:\
[3088:10992:2022-6-1 19:27:47.209] [process_requst] start, url:https://us02web.zoom.us/conf/launch
[3088:10992:2022-6-1 19:28:0.554] [req_state_read_status_code] zHttpQueryInfo complete, status:200
[3088:10992:2022-6-1 19:28:0.554] [req_state_read_status_code] zHttpQueryInfo complete, status:200 Error: 0
[3088:10992:2022-6-1 19:28:0.554] [log_response_content] Content length (1048576 as unknown):1685 , Total read: 1685 , Error No: 0 , Status code: 200
[3088:10992:2022-6-1 19:28:0.554] [log_response_content] header:
[3088:10992:2022-6-1 19:28:0.554] HTTP/1.1 200 
Content-Type: text/plain;charset=utf-8
Content-Length: 1685
Connection: keep-alive
x-zm-trackingid: v=2.0;clid=us02;rid=WEB_10521483e5ee420ae95ffd1a050f3ade
X-Content-Type-Options: nosniff
Content-Security-Policy: upgrade-insecure-requests; default-src https://*.zoom.us https://zoom.us blob: 'self'; img-src https: about: blob: data: 'self'; style-src https: safari-extension: chrome-extension: 'unsafe-inline' data: 'self'; font-src https: safari-extension: chrome-extension: blob: data: 'self'; connect-src * about: blob: data: 'self'; media-src * rtmp: blob: data: 'self'; frame-src https: ms-appx-web: zoommtg: zoomus: wvjbscheme: data: 'self'; object-src 'none'; base-uri 'none';
X-FRAME-OPTIONS: SAMEORIGIN
Set-Cookie: zm_aid=""; Domain=.zoom.us; Expires=Thu, 01-Jan-1970 00:00:10 GMT; Path=/; Secure; HttpOnly
Set-Cookie: zm_haid=""; Domain=.zoom.us; Expires=Thu, 01-Jan-1970 00:00:10 GMT; Path=/; Secure; HttpOnly
Set-Cookie: zm_tmaid=""; Domain=.zoom.us; Expires=Thu, 01-Jan-1970 00:00:10 GMT; Path=/; Secure; HttpOnly
Set-Cookie: zm_htmaid=""; Domain=.zoom.us; Expires=Thu, 01-Jan-1970 00:00:10 GMT; Path=/; Secure; HttpOnly
Set-Cookie: cred=A3BAFA096C81CDA81F2E9917238E8673; Path=/; Secure; HttpOnly
Set-Cookie: _zm_page_auth=us02_c_Dg7xKyXbQWq7xFaO-ZEmDw; Domain=.zoom.us; Path=/; Secure; HttpOnly
p3p: CP="NOI ADM DEV PSAi COM NAV OUR OTR STP IND DEM"
Set-Cookie: _zm_ssid=us02_c_NK_vNu9RSX-UmTvkWVBGVA; Domain=.zoom.us; Path=/; Secure; HttpOnly
x-zm-zoneid: VA
Strict-Transport-Security: max-age=31536000; includeSubDomains
X-XSS-Protection: 1; mode=block
Referrer-Policy: strict-origin-when-cross-origin
Set-Cookie: TS01f92dc5=0153b5b0e9465799b988f75abb417ffb40d6e35c6347124d128116e271b7c6bc05ae77f1c131473e766fbe7ab5721186b90cc6954e; Path=/; Secure; HttpOnly; SameSite=Strict;
Set-Cookie: TS018dd1ba=0153b5b0e9465799b988f75abb417ffb40d6e35c6347124d128116e271b7c6bc05ae77f1c131473e766fbe7ab5721186b90cc6954e; path=/; domain=.zoom.us


[3088:10992:2022-6-1 19:28:0.554] [process_requst] End for url:https://us02web.zoom.us/conf/launch, return code:200, Error:0, Response content size:1685
[3088:6216:2022-6-1 19:28:0.582] [client_has_installed_app] found path:
[3088:6216:2022-6-1 19:28:0.582]  ***NULL-POINTER-PLACEHOLDER***
[3088:6216:2022-6-1 19:28:0.582] [param_query_local_path] path is: C:\Users\GOUTHAM\AppData\Roaming\Zoom\ZoomDownload\ dir create response : 0 system error: 183
[3088:6216:2022-6-1 19:28:0.582] [downloader_run] State:0
[3088:5888:2022-6-1 19:28:0.583] [process_requst] start, url:https://us02web.zoom.us/client/latest/Installer.exe?archType=x64
[3088:5888:2022-6-1 19:28:0.584] CreateFile API failed, error code: 32
[3088:6216:2022-6-1 19:28:0.584] [client_has_installed_app] found path:
[3088:5888:2022-6-1 19:28:0.584] [process_requst] End for url:https://us02web.zoom.us/client/latest/Installer.exe?archType=x64, return code:0, Error:1005, Response content size:0
[3088:6216:2022-6-1 19:28:0.584]  ***NULL-POINTER-PLACEHOLDER***
[3088:6216:2022-6-1 19:28:0.584] [handle_download_job_done] Index: 1 Curr index: 1 StatusCode: 0 Error: 1005 Response is Empty. 
[3088:6216:2022-6-1 19:29:54.973] [downloader_cancel] State:15
[3088:6216:2022-6-1 19:29:54.999] Main End
[5824:11860:2022-6-11 19:48:45.292] Main Start
[5824:11860:2022-6-11 19:48:45.292] Command line:"C:\Users\GOUTHAM\Downloads\Zoom_cm_fo42anktZ9vvrZo4_m2hHZZ9pZxM9W4E7aoppNaIFrhnkBwAc0C2dd@+gDOal2Tjccr288Y_kd5fa246802bca8ce_.exe"  Instance:0xD10000 Show State:1
[5824:11860:2022-6-11 19:48:45.355] C:\
[5824:11860:2022-6-11 19:48:45.382] Main End
[14280:10436:2022-6-11 19:49:9.814] Main Start
[14280:10436:2022-6-11 19:49:9.814] Command line:"C:\Users\GOUTHAM\Downloads\Zoom_cm_fo42anktZ9vvrZo4_m-Is9Ji35kbsgQzb61wK9jvWseJqpKCJDYRSj@ePWNPMF9iRUHWl26_kd5fa246802bca8ce_.exe"  Instance:0x4E0000 Show State:1
[14280:10436:2022-6-11 19:49:9.864] C:\
[14280:10436:2022-6-11 19:49:9.870] Main End
[11164:3928:2022-6-11 19:49:11.192] Main Start
[11164:3928:2022-6-11 19:49:11.192] Command line:"C:\Users\GOUTHAM\Downloads\Zoom_cm_fo42anktZ9vvrZo4_m-Is9Ji35kbsgQzb61wK9jvWseJqpKCJDYRSj@ePWNPMF9iRUHWl26_kd5fa246802bca8ce_.exe"  Instance:0x4E0000 Show State:1
[11164:3928:2022-6-11 19:49:11.221] C:\
[11164:3928:2022-6-11 19:49:11.224] Main End
[13124:11056:2022-6-11 20:6:15.214] Main Start
[13124:11056:2022-6-11 20:6:15.215] Command line:"C:\Users\GOUTHAM\Downloads\Zoom_cm_fo42anktZ9vvrZo4_mKWRij2rQmdzNREAckQg2RsH4HdxFLepHDVes@Eouu7eOgFFovWKcR_kd5fa246802bca8ce_.exe"  Instance:0xBC0000 Show State:1
[13124:11056:2022-6-11 20:6:15.239] C:\
[13124:11056:2022-6-11 20:6:15.248] Main End
[13628:13864:2022-6-11 20:7:45.739] Main Start
[13628:13864:2022-6-11 20:7:45.739] Command line:"C:\Users\GOUTHAM\Downloads\Zoom_cm_fo42anktZ9vvrZo4_mm0Ui-07kZehMRkXEXMQSD2Xg6qbvJurVQNT3@n6qTMRMIz1pQis5e_kd5fa246802bca8ce_.exe"  Instance:0x7D0000 Show State:1
[13628:13864:2022-6-11 20:7:45.767] C:\
[13628:13864:2022-6-11 20:7:45.773] Main End
[9688:10692:2022-6-11 20:7:47.208] Main Start
[9688:10692:2022-6-11 20:7:47.208] Command line:"C:\Users\GOUTHAM\Downloads\Zoom_cm_fo42anktZ9vvrZo4_mm0Ui-07kZehMRkXEXMQSD2Xg6qbvJurVQNT3@n6qTMRMIz1pQis5e_kd5fa246802bca8ce_.exe"  Instance:0x7D0000 Show State:1
[9688:10692:2022-6-11 20:7:47.223] C:\
[9688:10692:2022-6-11 20:7:47.227] Main End
[10604:11816:2022-6-11 20:18:14.328] Main Start
[10604:11816:2022-6-11 20:18:14.328] Command line:"C:\Users\GOUTHAM\Downloads\Zoom_cm_fo42anktZ9vvrZo4_mEPDDoIykazMWVkbhp9LSU4RKU6HZp4UFPNWq@w+9pPT32FObSdMnW_kd5fa246802bca8ce_.exe"  Instance:0x3B0000 Show State:1
[10604:11816:2022-6-11 20:18:14.358] C:\
[10604:11816:2022-6-11 20:18:14.363] Main End
[16092:13660:2022-6-11 20:18:24.817] Main Start
[16092:13660:2022-6-11 20:18:24.817] Command line:"C:\Users\GOUTHAM\Downloads\Zoom_cm_fo42anktZ9vvrZo4_mBJZiQJ72F4ZejWyodCbGbQFE7PAWS6bPJbBJ@u3U8QaXIoA5FYi6s_kd5fa246802bca8ce_.exe"  Instance:0xC00000 Show State:1
[16092:13660:2022-6-11 20:18:24.836] C:\
[16092:13660:2022-6-11 20:18:24.840] Main End
[2176:15148:2022-6-11 20:18:28.99] Main Start
[2176:15148:2022-6-11 20:18:28.99] Command line:"C:\Users\GOUTHAM\Downloads\Zoom_cm_fo42anktZ9vvrZo4_mBJZiQJ72F4ZejWyodCbGbQFE7PAWS6bPJbBJ@u3U8QaXIoA5FYi6s_kd5fa246802bca8ce_.exe"  Instance:0xC00000 Show State:1
[2176:15148:2022-6-11 20:18:28.137] C:\
[2176:15148:2022-6-11 20:18:28.142] Main End
[14512:1164:2022-6-11 20:18:36.814] Main Start
[14512:1164:2022-6-11 20:18:36.814] Command line:"C:\Users\GOUTHAM\Downloads\Zoom_cm_fo42anktZ9vvrZo4_mBJZiQJ72F4ZejWyodCbGbQFE7PAWS6bPJbBJ@u3U8QaXIoA5FYi6s_kd5fa246802bca8ce_.exe"  Instance:0xC00000 Show State:1
[14512:1164:2022-6-11 20:18:36.853] C:\
[14512:1164:2022-6-11 20:18:36.857] Main End
[900:11448:2022-6-11 20:19:1.754] Main Start
[900:11448:2022-6-11 20:19:1.755] Command line:"C:\Users\GOUTHAM\Downloads\Zoom_cm_fo42anktZ9vvrZo4_mBJZiQJ72F4ZejWyodCbGbQFE7PAWS6bPJbBJ@u3U8QaXIoA5FYi6s_kd5fa246802bca8ce_.exe"  Instance:0xC00000 Show State:1
[900:11448:2022-6-11 20:19:1.794] C:\
[900:11448:2022-6-11 20:19:1.799] Main End
[14952:11664:2022-6-11 20:19:3.551] Main Start
[14952:11664:2022-6-11 20:19:3.551] Command line:"C:\Users\GOUTHAM\Downloads\Zoom_cm_fo42anktZ9vvrZo4_mBJZiQJ72F4ZejWyodCbGbQFE7PAWS6bPJbBJ@u3U8QaXIoA5FYi6s_kd5fa246802bca8ce_.exe"  Instance:0xC00000 Show State:1
[14952:11664:2022-6-11 20:19:3.574] C:\
[14952:11664:2022-6-11 20:19:3.579] Main End
[7452:13772:2022-6-11 20:19:4.599] Main Start
[7452:13772:2022-6-11 20:19:4.599] Command line:"C:\Users\GOUTHAM\Downloads\Zoom_cm_fo42anktZ9vvrZo4_mBJZiQJ72F4ZejWyodCbGbQFE7PAWS6bPJbBJ@u3U8QaXIoA5FYi6s_kd5fa246802bca8ce_.exe"  Instance:0xC00000 Show State:1
[7452:13772:2022-6-11 20:19:4.624] C:\
[7452:13772:2022-6-11 20:19:4.631] Main End
[6796:5832:2022-6-11 20:20:53.51] Main Start
[6796:5832:2022-6-11 20:20:53.51] Command line:"C:\Users\GOUTHAM\Downloads\Zoom_cm_fo42anktZ9vvrZo4_mrXyo5eS6mkveSJrqykuY16r0e7-dk59Qgzaq@e7D+GDpHUdHIwuwz_kd5fa246802bca8ce_.exe"  Instance:0x3E0000 Show State:1
[6796:5832:2022-6-11 20:20:53.70] C:\
[6796:5832:2022-6-11 20:20:53.76] Main End
[12848:16164:2022-6-22 9:50:1.150] Main Start
[12848:16164:2022-6-22 9:50:1.150] Command line:"C:\Users\GOUTHAM\Downloads\Zoom_cm_fo42anktZ9vvrZo4_mBJZiQJ72F4ZejWyodCbGbQFE7PAWS6bPJbBJ@u3U8QaXIoA5FYi6s_kd5fa246802bca8ce_.exe"  Instance:0xC80000 Show State:1
[12848:16164:2022-6-22 9:50:1.193] C:\
[12848:16164:2022-6-22 9:50:1.203] Main End
[14612:11996:2022-6-22 9:50:34.930] Main Start
[14612:11996:2022-6-22 9:50:34.930] Command line:"C:\Users\GOUTHAM\Downloads\Zoom_cm_fo42anktZ9vvrZo4_m2hHZZ9pZxM9W4E7aoppNaIFrhnkBwAc0C2dd@+gDOal2Tjccr288Y_kd5fa246802bca8ce_.exe"  Instance:0xB40000 Show State:1
[15556:10288:2022-6-22 9:50:34.930] Main Start
[15556:10288:2022-6-22 9:50:34.930] Command line:"C:\Users\GOUTHAM\Downloads\Zoom_cm_fo42anktZ9vvrZo4_m2hHZZ9pZxM9W4E7aoppNaIFrhnkBwAc0C2dd@+gDOal2Tjccr288Y_kd5fa246802bca8ce_.exe"  Instance:0xB40000 Show State:1
[15556:10288:2022-6-22 9:50:34.931] [app_init] init_opener_worker failed.
[15556:10288:2022-6-22 9:50:34.931] MyMain Failed to init.
[15556:10288:2022-6-22 9:50:34.931] Main End
[9024:14540:2022-6-22 9:50:34.937] Main Start
[9024:14540:2022-6-22 9:50:34.937] Command line:"C:\Users\GOUTHAM\Downloads\Zoom_cm_fo42anktZ9vvrZo4_m2hHZZ9pZxM9W4E7aoppNaIFrhnkBwAc0C2dd@+gDOal2Tjccr288Y_kd5fa246802bca8ce_.exe"  Instance:0xB40000 Show State:1
[9024:14540:2022-6-22 9:50:34.939] [app_init] init_opener_worker failed.
[9024:14540:2022-6-22 9:50:34.939] MyMain Failed to init.
[9024:14540:2022-6-22 9:50:34.939] Main End
[14612:11996:2022-6-22 9:50:34.951] C:\
[14612:11996:2022-6-22 9:50:34.962] Main End
[11804:13184:2022-6-22 9:50:37.700] Main Start
[11804:13184:2022-6-22 9:50:37.700] Command line:"C:\Users\GOUTHAM\Downloads\Zoom_cm_fo42anktZ9vvrZo4_m2hHZZ9pZxM9W4E7aoppNaIFrhnkBwAc0C2dd@+gDOal2Tjccr288Y_kd5fa246802bca8ce_.exe"  Instance:0xB40000 Show State:1
[11804:13184:2022-6-22 9:50:37.719] C:\
[11804:13184:2022-6-22 9:50:37.725] Main End
[9840:7152:2022-6-22 9:50:53.910] Main Start
[9840:7152:2022-6-22 9:50:53.910] Command line:"C:\Users\GOUTHAM\Downloads\Zoom_cm_fo42anktZ9vvrZo4_m2hHZZ9pZxM9W4E7aoppNaIFrhnkBwAc0C2dd@+gDOal2Tjccr288Y_kd5fa246802bca8ce_.exe"  Instance:0xB40000 Show State:1
[9840:7152:2022-6-22 9:50:53.931] C:\
[9840:7152:2022-6-22 9:50:53.937] Main End
[15008:11968:2022-6-22 9:50:55.46] Main Start
[15008:11968:2022-6-22 9:50:55.46] Command line:"C:\Users\GOUTHAM\Downloads\Zoom_cm_fo42anktZ9vvrZo4_m2hHZZ9pZxM9W4E7aoppNaIFrhnkBwAc0C2dd@+gDOal2Tjccr288Y_kd5fa246802bca8ce_.exe"  Instance:0xB40000 Show State:1
[15008:11968:2022-6-22 9:50:55.65] C:\
[15008:11968:2022-6-22 9:50:55.70] Main End
[6524:4796:2022-6-22 9:50:55.571] Main Start
[6524:4796:2022-6-22 9:50:55.571] Command line:"C:\Users\GOUTHAM\Downloads\Zoom_cm_fo42anktZ9vvrZo4_m2hHZZ9pZxM9W4E7aoppNaIFrhnkBwAc0C2dd@+gDOal2Tjccr288Y_kd5fa246802bca8ce_.exe"  Instance:0xB40000 Show State:1
[6524:4796:2022-6-22 9:50:55.585] C:\
[6524:4796:2022-6-22 9:50:55.590] Main End
[8148:15668:2022-6-22 9:50:57.600] Main Start
[8148:15668:2022-6-22 9:50:57.600] Command line:"C:\Users\GOUTHAM\Downloads\Zoom_cm_fo42anktZ9vvrZo4_mBJZiQJ72F4ZejWyodCbGbQFE7PAWS6bPJbBJ@u3U8QaXIoA5FYi6s_kd5fa246802bca8ce_.exe"  Instance:0xC80000 Show State:1
[8148:15668:2022-6-22 9:50:57.619] C:\
[8148:15668:2022-6-22 9:50:57.624] Main End
[2468:8988:2022-6-22 9:51:0.800] Main Start
[2468:8988:2022-6-22 9:51:0.800] Command line:"C:\Users\GOUTHAM\Downloads\Zoom_cm_fo42anktZ9vvrZo4_mBJZiQJ72F4ZejWyodCbGbQFE7PAWS6bPJbBJ@u3U8QaXIoA5FYi6s_kd5fa246802bca8ce_.exe"  Instance:0xC80000 Show State:1
[2468:8988:2022-6-22 9:51:0.818] C:\
[2468:8988:2022-6-22 9:51:0.824] Main End
[11692:1912:2022-6-22 9:51:14.638] Main Start
[11692:1912:2022-6-22 9:51:14.638] Command line:"C:\Users\GOUTHAM\Downloads\Zoom_cm_fo42anktZ9vvrZo4_mEPDDoIykazMWVkbhp9LSU4RKU6HZp4UFPNWq@w+9pPT32FObSdMnW_kd5fa246802bca8ce_.exe"  Instance:0xFF0000 Show State:1
[11692:1912:2022-6-22 9:51:14.654] C:\
[11692:1912:2022-6-22 9:51:14.661] Main End
[8364:2288:2022-6-22 9:51:15.742] Main Start
[8364:2288:2022-6-22 9:51:15.742] Command line:"C:\Users\GOUTHAM\Downloads\Zoom_cm_fo42anktZ9vvrZo4_mEPDDoIykazMWVkbhp9LSU4RKU6HZp4UFPNWq@w+9pPT32FObSdMnW_kd5fa246802bca8ce_.exe"  Instance:0xFF0000 Show State:1
[8364:2288:2022-6-22 9:51:15.761] C:\
[8364:2288:2022-6-22 9:51:15.767] Main End
[1896:6052:2022-6-22 9:51:22.592] Main Start
[1896:6052:2022-6-22 9:51:22.592] Command line:"C:\Users\GOUTHAM\Downloads\Zoom_cm_fo42anktZ9vvrZo4_mBJZiQJ72F4ZejWyodCbGbQFE7PAWS6bPJbBJ@u3U8QaXIoA5FYi6s_kd5fa246802bca8ce_.exe"  Instance:0xC80000 Show State:1
[1896:6052:2022-6-22 9:51:22.611] C:\
[1896:6052:2022-6-22 9:51:22.616] Main End
[9236:14696:2022-6-22 9:51:29.269] Main Start
[9236:14696:2022-6-22 9:51:29.271] Command line:"C:\Users\GOUTHAM\Downloads\Zoom_cm_fo42anktZ9vvrZo4_m2hHZZ9pZxM9W4E7aoppNaIFrhnkBwAc0C2dd@+gDOal2Tjccr288Y_kd5fa246802bca8ce_.exe"  Instance:0xB40000 Show State:1
[9236:14696:2022-6-22 9:51:29.292] C:\
[9236:14696:2022-6-22 9:51:29.296] Main End
[32:10100:2022-6-22 9:51:52.218] Main Start
[32:10100:2022-6-22 9:51:52.219] Command line:"C:\Users\GOUTHAM\Downloads\Zoom_cm_fo42anktZ9vvrZo4_mm0Ui-07kZehMRkXEXMQSD2Xg6qbvJurVQNT3@n6qTMRMIz1pQis5e_kd5fa246802bca8ce_.exe"  Instance:0xF0000 Show State:1
[32:10100:2022-6-22 9:51:52.237] C:\
[32:10100:2022-6-22 9:51:52.244] Main End
[5644:1196:2022-6-22 9:51:53.763] Main Start
[5644:1196:2022-6-22 9:51:53.763] Command line:"C:\Users\GOUTHAM\Downloads\Zoom_cm_fo42anktZ9vvrZo4_mm0Ui-07kZehMRkXEXMQSD2Xg6qbvJurVQNT3@n6qTMRMIz1pQis5e_kd5fa246802bca8ce_.exe"  Instance:0xF0000 Show State:1
[5644:1196:2022-6-22 9:51:53.779] C:\
[5644:1196:2022-6-22 9:51:53.784] Main End
